TN:
SF:src\router.ts
FN:143,(anonymous_0)
FN:203,(anonymous_1)
FNF:2
FNH:0
FNDA:0,(anonymous_0)
FNDA:0,(anonymous_1)
DA:1,2
DA:2,2
DA:3,2
DA:4,2
DA:6,2
DA:52,2
DA:87,2
DA:133,2
DA:143,0
DA:194,2
DA:203,0
DA:241,2
DA:278,2
DA:284,2
LF:14
LH:12
BRF:0
BRH:0
end_of_record
TN:
SF:src\server.ts
FN:11,connectDB
FN:29,(anonymous_11)
FNF:2
FNH:2
FNDA:3,connectDB
FNDA:19,(anonymous_11)
DA:1,2
DA:2,2
DA:3,2
DA:4,2
DA:5,2
DA:6,2
DA:7,2
DA:8,2
DA:11,2
DA:12,3
DA:13,3
DA:14,1
DA:18,1
DA:22,2
DA:25,2
DA:28,2
DA:30,19
DA:31,0
DA:33,19
DA:38,2
DA:41,2
DA:43,2
DA:44,2
DA:47,2
DA:49,2
LF:25
LH:24
BRDA:30,0,0,0
BRDA:30,0,1,19
BRF:2
BRH:1
end_of_record
TN:
SF:src\config\db.ts
FNF:0
FNH:0
DA:1,2
DA:2,2
DA:3,2
DA:7,2
DA:12,2
LF:5
LH:5
BRF:0
BRH:0
end_of_record
TN:
SF:src\config\swagger.ts
FNF:0
FNH:0
DA:2,2
DA:6,2
DA:24,2
DA:27,2
DA:44,2
DA:47,2
LF:6
LH:6
BRF:0
BRH:0
end_of_record
TN:
SF:src\handlers\product.ts
FN:4,(anonymous_1)
FN:13,(anonymous_2)
FN:28,(anonymous_3)
FN:35,(anonymous_4)
FN:56,(anonymous_5)
FN:75,(anonymous_6)
FNF:6
FNH:0
FNDA:0,(anonymous_1)
FNDA:0,(anonymous_2)
FNDA:0,(anonymous_3)
FNDA:0,(anonymous_4)
FNDA:0,(anonymous_5)
FNDA:0,(anonymous_6)
DA:2,2
DA:4,2
DA:5,0
DA:10,0
DA:13,2
DA:14,0
DA:15,0
DA:17,0
DA:18,0
DA:23,0
DA:28,2
DA:29,0
DA:30,0
DA:35,2
DA:36,0
DA:37,0
DA:39,0
DA:40,0
DA:46,0
DA:48,0
DA:50,0
DA:56,2
DA:57,0
DA:58,0
DA:60,0
DA:61,0
DA:67,0
DA:68,0
DA:70,0
DA:75,2
DA:76,0
DA:77,0
DA:79,0
DA:80,0
DA:86,0
DA:87,0
LF:36
LH:7
BRDA:17,0,0,0
BRDA:17,0,1,0
BRDA:39,1,0,0
BRDA:39,1,1,0
BRDA:60,2,0,0
BRDA:60,2,1,0
BRDA:79,3,0,0
BRDA:79,3,1,0
BRF:8
BRH:0
end_of_record
TN:
SF:src\middleware\index.ts
FN:4,(anonymous_0)
FNF:1
FNH:0
FNDA:0,(anonymous_0)
DA:2,2
DA:4,2
DA:6,0
DA:7,0
DA:8,0
DA:11,0
LF:6
LH:2
BRDA:7,0,0,0
BRDA:7,0,1,0
BRF:2
BRH:0
end_of_record
TN:
SF:src\models\Product.model.ts
FNF:0
FNH:0
DA:1,3
DA:7,3
DA:11,3
DA:16,3
DA:23,3
DA:26,3
LF:6
LH:6
BRF:0
BRH:0
end_of_record
